[0.015s] Invoking command in '/home/zhangqingyang/point_lio_ros2/build/point_lio': CMAKE_PREFIX_PATH=${CMAKE_PREFIX_PATH}:/opt/ros/humble /usr/bin/cmake --build /home/zhangqingyang/point_lio_ros2/build/point_lio -- -j12 -l12
[0.051s] -- Current CPU architecture: x86_64
[0.056s] -- Processor number:  12
[0.057s] -- core for MP:  3
[0.057s] -- Found ament_cmake: 1.3.12 (/opt/ros/humble/share/ament_cmake/cmake)
[0.263s] -- Found rclcpp: 16.0.15 (/opt/ros/humble/share/rclcpp/cmake)
[0.296s] -- Found rosidl_generator_c: 3.1.7 (/opt/ros/humble/share/rosidl_generator_c/cmake)
[0.299s] -- Found rosidl_adapter: 3.1.7 (/opt/ros/humble/share/rosidl_adapter/cmake)
[0.307s] -- Found rosidl_generator_cpp: 3.1.7 (/opt/ros/humble/share/rosidl_generator_cpp/cmake)
[0.317s] -- Using all available rosidl_typesupport_c: rosidl_typesupport_fastrtps_c;rosidl_typesupport_introspection_c
[0.334s] -- Using all available rosidl_typesupport_cpp: rosidl_typesupport_fastrtps_cpp;rosidl_typesupport_introspection_cpp
[0.372s] -- Found rmw_implementation_cmake: 6.1.2 (/opt/ros/humble/share/rmw_implementation_cmake/cmake)
[0.374s] -- Found rmw_fastrtps_cpp: 6.2.8 (/opt/ros/humble/share/rmw_fastrtps_cpp/cmake)
[0.513s] -- Using RMW implementation 'rmw_fastrtps_cpp' as default
[0.577s] -- Found rclpy: 3.3.17 (/opt/ros/humble/share/rclpy/cmake)
[0.577s] -- Found geometry_msgs: 4.9.0 (/opt/ros/humble/share/geometry_msgs/cmake)
[0.590s] -- Found nav_msgs: 4.9.0 (/opt/ros/humble/share/nav_msgs/cmake)
[0.612s] -- Found sensor_msgs: 4.9.0 (/opt/ros/humble/share/sensor_msgs/cmake)
[0.634s] -- Found pcl_ros: 2.4.5 (/opt/ros/humble/share/pcl_ros/cmake)
[0.684s] -- Eigen found (include: /usr/include/eigen3, version: 3.4.0)
[0.728s] -- FLANN found (include: /usr/include, lib: /usr/lib/x86_64-linux-gnu/libflann_cpp.so)
[1.136s] -- OpenNI found (version: 1.5.4.0, include: /usr/include/ni, lib: /usr/lib/libOpenNI.so;libusb::libusb)
[1.142s] -- OpenNI2 found (version: 2.2.0.33, include: /usr/include/openni2, lib: /usr/lib/x86_64-linux-gnu/libOpenNI2.so;libusb::libusb)
[1.376s] -- Eigen found (include: /usr/include/eigen3, version: 3.4.0)
[1.386s] -- OpenNI found (version: 1.5.4.0, include: /usr/include/ni, lib: /usr/lib/libOpenNI.so;libusb::libusb)
[1.399s] -- OpenNI2 found (version: 2.2.0.33, include: /usr/include/openni2, lib: /usr/lib/x86_64-linux-gnu/libOpenNI2.so;libusb::libusb)
[1.616s] -- Found Qhull version 8.0.2
[1.841s] -- OpenNI found (version: 1.5.4.0, include: /usr/include/ni, lib: /usr/lib/libOpenNI.so;libusb::libusb)
[2.098s] -- Found eigen3_cmake_module: 0.1.1 (/opt/ros/humble/share/eigen3_cmake_module/cmake)
[2.099s] -- Ensuring Eigen3 include directory is part of orocos-kdl CMake target
[2.198s] -- Found visualization_msgs: 4.9.0 (/opt/ros/humble/share/visualization_msgs/cmake)
[2.229s] -- Found livox_ros_driver2: 1.0.0 (/home/zhangqingyang/ws_livox/install/livox_ros_driver2/share/livox_ros_driver2/cmake)
[2.386s] -- Configuring done
[2.453s] -- Generating done
[2.476s] -- Build files have been written to: /home/zhangqingyang/point_lio_ros2/build/point_lio
[2.529s] [35m[1mConsolidate compiler generated dependencies of target pointlio_mapping[0m
[2.585s] [ 16%] [32mBuilding CXX object CMakeFiles/pointlio_mapping.dir/src/laserMapping.cpp.o[0m
[2.586s] [ 33%] [32mBuilding CXX object CMakeFiles/pointlio_mapping.dir/src/parameters.cpp.o[0m
[2.588s] [ 50%] [32mBuilding CXX object CMakeFiles/pointlio_mapping.dir/src/preprocess.cpp.o[0m
[2.590s] [ 66%] [32mBuilding CXX object CMakeFiles/pointlio_mapping.dir/src/Estimator.cpp.o[0m
[81.727s] [ 83%] [32m[1mLinking CXX executable pointlio_mapping[0m
[83.240s] [100%] Built target pointlio_mapping
[83.258s] Invoked command in '/home/zhangqingyang/point_lio_ros2/build/point_lio' returned '0': CMAKE_PREFIX_PATH=${CMAKE_PREFIX_PATH}:/opt/ros/humble /usr/bin/cmake --build /home/zhangqingyang/point_lio_ros2/build/point_lio -- -j12 -l12
[83.268s] Invoking command in '/home/zhangqingyang/point_lio_ros2/build/point_lio': CMAKE_PREFIX_PATH=${CMAKE_PREFIX_PATH}:/opt/ros/humble /usr/bin/cmake --install /home/zhangqingyang/point_lio_ros2/build/point_lio
[83.276s] -- Install configuration: ""
[83.276s] -- Installing: /home/zhangqingyang/point_lio_ros2/install/point_lio/lib/point_lio/pointlio_mapping
[83.279s] -- Set runtime path of "/home/zhangqingyang/point_lio_ros2/install/point_lio/lib/point_lio/pointlio_mapping" to ""
[83.279s] -- Up-to-date: /home/zhangqingyang/point_lio_ros2/install/point_lio/share/point_lio/config
[83.279s] -- Up-to-date: /home/zhangqingyang/point_lio_ros2/install/point_lio/share/point_lio/config/horizon.yaml
[83.279s] -- Up-to-date: /home/zhangqingyang/point_lio_ros2/install/point_lio/share/point_lio/config/mid360.yaml
[83.279s] -- Up-to-date: /home/zhangqingyang/point_lio_ros2/install/point_lio/share/point_lio/config/avia.yaml
[83.279s] -- Up-to-date: /home/zhangqingyang/point_lio_ros2/install/point_lio/share/point_lio/config/unilidar_l2.yaml
[83.279s] -- Up-to-date: /home/zhangqingyang/point_lio_ros2/install/point_lio/share/point_lio/config/ouster64.yaml
[83.279s] -- Up-to-date: /home/zhangqingyang/point_lio_ros2/install/point_lio/share/point_lio/config/velody16.yaml
[83.279s] -- Up-to-date: /home/zhangqingyang/point_lio_ros2/install/point_lio/share/point_lio/config/unilidar_l1.yaml
[83.280s] -- Up-to-date: /home/zhangqingyang/point_lio_ros2/install/point_lio/share/point_lio/launch
[83.280s] -- Up-to-date: /home/zhangqingyang/point_lio_ros2/install/point_lio/share/point_lio/launch/mapping_avia.launch.py
[83.280s] -- Up-to-date: /home/zhangqingyang/point_lio_ros2/install/point_lio/share/point_lio/launch/correct_odom_unilidar_l1.launch.py
[83.280s] -- Up-to-date: /home/zhangqingyang/point_lio_ros2/install/point_lio/share/point_lio/launch/mapping_unilidar_l1.launch.py
[83.280s] -- Up-to-date: /home/zhangqingyang/point_lio_ros2/install/point_lio/share/point_lio/launch/mapping_unilidar_l2.launch.py
[83.280s] -- Up-to-date: /home/zhangqingyang/point_lio_ros2/install/point_lio/share/point_lio/launch/mapping_velody16.launch.py
[83.280s] -- Up-to-date: /home/zhangqingyang/point_lio_ros2/install/point_lio/share/point_lio/launch/mapping_ouster64.launch.py
[83.280s] -- Up-to-date: /home/zhangqingyang/point_lio_ros2/install/point_lio/share/point_lio/launch/gdb_debug_example.launch.py
[83.280s] -- Up-to-date: /home/zhangqingyang/point_lio_ros2/install/point_lio/share/point_lio/launch/mapping_horizon.launch.py
[83.280s] -- Up-to-date: /home/zhangqingyang/point_lio_ros2/install/point_lio/share/point_lio/launch/mapping_mid360.launch.py
[83.280s] -- Up-to-date: /home/zhangqingyang/point_lio_ros2/install/point_lio/share/point_lio/launch/correct_odom_unilidar_l2.launch.py
[83.280s] -- Up-to-date: /home/zhangqingyang/point_lio_ros2/install/point_lio/share/point_lio/rviz_cfg
[83.280s] -- Up-to-date: /home/zhangqingyang/point_lio_ros2/install/point_lio/share/point_lio/rviz_cfg/loam_livox.rviz
[83.280s] -- Up-to-date: /home/zhangqingyang/point_lio_ros2/install/point_lio/share/ament_index/resource_index/package_run_dependencies/point_lio
[83.280s] -- Up-to-date: /home/zhangqingyang/point_lio_ros2/install/point_lio/share/ament_index/resource_index/parent_prefix_path/point_lio
[83.281s] -- Up-to-date: /home/zhangqingyang/point_lio_ros2/install/point_lio/share/point_lio/environment/ament_prefix_path.sh
[83.281s] -- Installing: /home/zhangqingyang/point_lio_ros2/install/point_lio/share/point_lio/environment/ament_prefix_path.dsv
[83.281s] -- Up-to-date: /home/zhangqingyang/point_lio_ros2/install/point_lio/share/point_lio/environment/path.sh
[83.281s] -- Installing: /home/zhangqingyang/point_lio_ros2/install/point_lio/share/point_lio/environment/path.dsv
[83.281s] -- Up-to-date: /home/zhangqingyang/point_lio_ros2/install/point_lio/share/point_lio/local_setup.bash
[83.281s] -- Up-to-date: /home/zhangqingyang/point_lio_ros2/install/point_lio/share/point_lio/local_setup.sh
[83.281s] -- Up-to-date: /home/zhangqingyang/point_lio_ros2/install/point_lio/share/point_lio/local_setup.zsh
[83.281s] -- Installing: /home/zhangqingyang/point_lio_ros2/install/point_lio/share/point_lio/local_setup.dsv
[83.281s] -- Installing: /home/zhangqingyang/point_lio_ros2/install/point_lio/share/point_lio/package.dsv
[83.281s] -- Up-to-date: /home/zhangqingyang/point_lio_ros2/install/point_lio/share/ament_index/resource_index/packages/point_lio
[83.281s] -- Up-to-date: /home/zhangqingyang/point_lio_ros2/install/point_lio/share/point_lio/cmake/ament_cmake_export_dependencies-extras.cmake
[83.281s] -- Up-to-date: /home/zhangqingyang/point_lio_ros2/install/point_lio/share/point_lio/cmake/point_lioConfig.cmake
[83.282s] -- Up-to-date: /home/zhangqingyang/point_lio_ros2/install/point_lio/share/point_lio/cmake/point_lioConfig-version.cmake
[83.282s] -- Up-to-date: /home/zhangqingyang/point_lio_ros2/install/point_lio/share/point_lio/package.xml
[83.283s] Invoked command in '/home/zhangqingyang/point_lio_ros2/build/point_lio' returned '0': CMAKE_PREFIX_PATH=${CMAKE_PREFIX_PATH}:/opt/ros/humble /usr/bin/cmake --install /home/zhangqingyang/point_lio_ros2/build/point_lio
