[0.012s] Invoking command in '/home/zhangqingyang/point_lio_ros2/build/point_lio': CMAKE_PREFIX_PATH=${CMAKE_PREFIX_PATH}:/opt/ros/humble /usr/bin/cmake --build /home/zhangqingyang/point_lio_ros2/build/point_lio -- -j12 -l12
[0.048s] -- Current CPU architecture: x86_64
[0.052s] -- Processor number:  12
[0.052s] -- core for MP:  3
[0.052s] -- Found ament_cmake: 1.3.12 (/opt/ros/humble/share/ament_cmake/cmake)
[0.212s] -- Found rclcpp: 16.0.15 (/opt/ros/humble/share/rclcpp/cmake)
[0.240s] -- Found rosidl_generator_c: 3.1.7 (/opt/ros/humble/share/rosidl_generator_c/cmake)
[0.243s] -- Found rosidl_adapter: 3.1.7 (/opt/ros/humble/share/rosidl_adapter/cmake)
[0.252s] -- Found rosidl_generator_cpp: 3.1.7 (/opt/ros/humble/share/rosidl_generator_cpp/cmake)
[0.262s] -- Using all available rosidl_typesupport_c: rosidl_typesupport_fastrtps_c;rosidl_typesupport_introspection_c
[0.277s] -- Using all available rosidl_typesupport_cpp: rosidl_typesupport_fastrtps_cpp;rosidl_typesupport_introspection_cpp
[0.318s] -- Found rmw_implementation_cmake: 6.1.2 (/opt/ros/humble/share/rmw_implementation_cmake/cmake)
[0.319s] -- Found rmw_fastrtps_cpp: 6.2.8 (/opt/ros/humble/share/rmw_fastrtps_cpp/cmake)
[0.433s] -- Using RMW implementation 'rmw_fastrtps_cpp' as default
[0.489s] -- Found rclpy: 3.3.17 (/opt/ros/humble/share/rclpy/cmake)
[0.489s] -- Found geometry_msgs: 4.9.0 (/opt/ros/humble/share/geometry_msgs/cmake)
[0.500s] -- Found nav_msgs: 4.9.0 (/opt/ros/humble/share/nav_msgs/cmake)
[0.520s] -- Found sensor_msgs: 4.9.0 (/opt/ros/humble/share/sensor_msgs/cmake)
[0.535s] -- Found pcl_ros: 2.4.5 (/opt/ros/humble/share/pcl_ros/cmake)
[0.591s] -- Eigen found (include: /usr/include/eigen3, version: 3.4.0)
[0.626s] -- FLANN found (include: /usr/include, lib: /usr/lib/x86_64-linux-gnu/libflann_cpp.so)
[1.069s] -- OpenNI found (version: 1.5.4.0, include: /usr/include/ni, lib: /usr/lib/libOpenNI.so;libusb::libusb)
[1.078s] -- OpenNI2 found (version: 2.2.0.33, include: /usr/include/openni2, lib: /usr/lib/x86_64-linux-gnu/libOpenNI2.so;libusb::libusb)
[1.255s] -- Eigen found (include: /usr/include/eigen3, version: 3.4.0)
[1.261s] -- OpenNI found (version: 1.5.4.0, include: /usr/include/ni, lib: /usr/lib/libOpenNI.so;libusb::libusb)
[1.272s] -- OpenNI2 found (version: 2.2.0.33, include: /usr/include/openni2, lib: /usr/lib/x86_64-linux-gnu/libOpenNI2.so;libusb::libusb)
[1.448s] -- Found Qhull version 8.0.2
[1.651s] -- OpenNI found (version: 1.5.4.0, include: /usr/include/ni, lib: /usr/lib/libOpenNI.so;libusb::libusb)
[1.864s] -- Found eigen3_cmake_module: 0.1.1 (/opt/ros/humble/share/eigen3_cmake_module/cmake)
[1.865s] -- Ensuring Eigen3 include directory is part of orocos-kdl CMake target
[1.950s] -- Found visualization_msgs: 4.9.0 (/opt/ros/humble/share/visualization_msgs/cmake)
[1.972s] -- Found livox_ros_driver2: 1.0.0 (/home/zhangqingyang/ws_livox/install/livox_ros_driver2/share/livox_ros_driver2/cmake)
[2.127s] -- Configuring done
[2.179s] -- Generating done
[2.189s] -- Build files have been written to: /home/zhangqingyang/point_lio_ros2/build/point_lio
[2.248s] [35m[1mConsolidate compiler generated dependencies of target pointlio_mapping[0m
[2.298s] [100%] Built target pointlio_mapping
[2.313s] Invoked command in '/home/zhangqingyang/point_lio_ros2/build/point_lio' returned '0': CMAKE_PREFIX_PATH=${CMAKE_PREFIX_PATH}:/opt/ros/humble /usr/bin/cmake --build /home/zhangqingyang/point_lio_ros2/build/point_lio -- -j12 -l12
[2.322s] Invoking command in '/home/zhangqingyang/point_lio_ros2/build/point_lio': CMAKE_PREFIX_PATH=${CMAKE_PREFIX_PATH}:/opt/ros/humble /usr/bin/cmake --install /home/zhangqingyang/point_lio_ros2/build/point_lio
[2.336s] -- Install configuration: ""
[2.336s] -- Up-to-date: /home/zhangqingyang/point_lio_ros2/install/point_lio/lib/point_lio/pointlio_mapping
[2.336s] -- Up-to-date: /home/zhangqingyang/point_lio_ros2/install/point_lio/share/point_lio/config
[2.337s] -- Up-to-date: /home/zhangqingyang/point_lio_ros2/install/point_lio/share/point_lio/config/horizon.yaml
[2.337s] -- Up-to-date: /home/zhangqingyang/point_lio_ros2/install/point_lio/share/point_lio/config/mid360.yaml
[2.337s] -- Up-to-date: /home/zhangqingyang/point_lio_ros2/install/point_lio/share/point_lio/config/avia.yaml
[2.337s] -- Up-to-date: /home/zhangqingyang/point_lio_ros2/install/point_lio/share/point_lio/config/unilidar_l2.yaml
[2.337s] -- Up-to-date: /home/zhangqingyang/point_lio_ros2/install/point_lio/share/point_lio/config/ouster64.yaml
[2.338s] -- Up-to-date: /home/zhangqingyang/point_lio_ros2/install/point_lio/share/point_lio/config/velody16.yaml
[2.338s] -- Up-to-date: /home/zhangqingyang/point_lio_ros2/install/point_lio/share/point_lio/config/unilidar_l1.yaml
[2.338s] -- Up-to-date: /home/zhangqingyang/point_lio_ros2/install/point_lio/share/point_lio/launch
[2.338s] -- Up-to-date: /home/zhangqingyang/point_lio_ros2/install/point_lio/share/point_lio/launch/mapping_avia.launch.py
[2.338s] -- Up-to-date: /home/zhangqingyang/point_lio_ros2/install/point_lio/share/point_lio/launch/correct_odom_unilidar_l1.launch.py
[2.338s] -- Up-to-date: /home/zhangqingyang/point_lio_ros2/install/point_lio/share/point_lio/launch/mapping_unilidar_l1.launch.py
[2.338s] -- Up-to-date: /home/zhangqingyang/point_lio_ros2/install/point_lio/share/point_lio/launch/mapping_unilidar_l2.launch.py
[2.338s] -- Up-to-date: /home/zhangqingyang/point_lio_ros2/install/point_lio/share/point_lio/launch/mapping_velody16.launch.py
[2.339s] -- Up-to-date: /home/zhangqingyang/point_lio_ros2/install/point_lio/share/point_lio/launch/mapping_ouster64.launch.py
[2.339s] -- Up-to-date: /home/zhangqingyang/point_lio_ros2/install/point_lio/share/point_lio/launch/gdb_debug_example.launch.py
[2.339s] -- Up-to-date: /home/zhangqingyang/point_lio_ros2/install/point_lio/share/point_lio/launch/mapping_horizon.launch.py
[2.339s] -- Up-to-date: /home/zhangqingyang/point_lio_ros2/install/point_lio/share/point_lio/launch/mapping_mid360.launch.py
[2.339s] -- Up-to-date: /home/zhangqingyang/point_lio_ros2/install/point_lio/share/point_lio/launch/correct_odom_unilidar_l2.launch.py
[2.339s] -- Up-to-date: /home/zhangqingyang/point_lio_ros2/install/point_lio/share/point_lio/rviz_cfg
[2.339s] -- Up-to-date: /home/zhangqingyang/point_lio_ros2/install/point_lio/share/point_lio/rviz_cfg/loam_livox.rviz
[2.339s] -- Up-to-date: /home/zhangqingyang/point_lio_ros2/install/point_lio/share/ament_index/resource_index/package_run_dependencies/point_lio
[2.339s] -- Installing: /home/zhangqingyang/point_lio_ros2/install/point_lio/share/ament_index/resource_index/parent_prefix_path/point_lio
[2.340s] -- Up-to-date: /home/zhangqingyang/point_lio_ros2/install/point_lio/share/point_lio/environment/ament_prefix_path.sh
[2.340s] -- Installing: /home/zhangqingyang/point_lio_ros2/install/point_lio/share/point_lio/environment/ament_prefix_path.dsv
[2.340s] -- Up-to-date: /home/zhangqingyang/point_lio_ros2/install/point_lio/share/point_lio/environment/path.sh
[2.340s] -- Installing: /home/zhangqingyang/point_lio_ros2/install/point_lio/share/point_lio/environment/path.dsv
[2.340s] -- Up-to-date: /home/zhangqingyang/point_lio_ros2/install/point_lio/share/point_lio/local_setup.bash
[2.340s] -- Up-to-date: /home/zhangqingyang/point_lio_ros2/install/point_lio/share/point_lio/local_setup.sh
[2.340s] -- Up-to-date: /home/zhangqingyang/point_lio_ros2/install/point_lio/share/point_lio/local_setup.zsh
[2.340s] -- Installing: /home/zhangqingyang/point_lio_ros2/install/point_lio/share/point_lio/local_setup.dsv
[2.340s] -- Installing: /home/zhangqingyang/point_lio_ros2/install/point_lio/share/point_lio/package.dsv
[2.340s] -- Up-to-date: /home/zhangqingyang/point_lio_ros2/install/point_lio/share/ament_index/resource_index/packages/point_lio
[2.340s] -- Up-to-date: /home/zhangqingyang/point_lio_ros2/install/point_lio/share/point_lio/cmake/ament_cmake_export_dependencies-extras.cmake
[2.340s] -- Up-to-date: /home/zhangqingyang/point_lio_ros2/install/point_lio/share/point_lio/cmake/point_lioConfig.cmake
[2.340s] -- Up-to-date: /home/zhangqingyang/point_lio_ros2/install/point_lio/share/point_lio/cmake/point_lioConfig-version.cmake
[2.341s] -- Up-to-date: /home/zhangqingyang/point_lio_ros2/install/point_lio/share/point_lio/package.xml
[2.343s] Invoked command in '/home/zhangqingyang/point_lio_ros2/build/point_lio' returned '0': CMAKE_PREFIX_PATH=${CMAKE_PREFIX_PATH}:/opt/ros/humble /usr/bin/cmake --install /home/zhangqingyang/point_lio_ros2/build/point_lio
