[0.010s] Invoking command in '/home/zhangqingyang/point_lio_ros2/build/point_lio': CMAKE_PREFIX_PATH=${CMAKE_PREFIX_PATH}:/opt/ros/humble /usr/bin/cmake /home/zhangqingyang/point_lio_ros2 -DCMAKE_INSTALL_PREFIX=/home/zhangqingyang/point_lio_ros2/install/point_lio
[0.069s] -- The C compiler identification is GNU 11.4.0
[0.150s] -- The CXX compiler identification is GNU 11.4.0
[0.156s] -- Detecting C compiler ABI info
[0.235s] -- Detecting C compiler ABI info - done
[0.242s] -- Check for working C compiler: /usr/bin/cc - skipped
[0.242s] -- Detecting C compile features
[0.243s] -- Detecting C compile features - done
[0.245s] -- Detecting CXX compiler ABI info
[0.335s] -- Detecting CXX compiler ABI info - done
[0.344s] -- Check for working CXX compiler: /usr/bin/c++ - skipped
[0.344s] -- Detecting CXX compile features
[0.344s] -- Detecting CXX compile features - done
[0.345s] -- Current CPU architecture: x86_64
[0.349s] -- Processor number:  12
[0.349s] -- core for MP:  3
[0.350s] -- Found ament_cmake: 1.3.12 (/opt/ros/humble/share/ament_cmake/cmake)
[0.541s] -- Found Python3: /usr/bin/python3 (found version "3.10.12") found components: Interpreter 
[0.657s] -- Found rclcpp: 16.0.15 (/opt/ros/humble/share/rclcpp/cmake)
[0.699s] -- Found rosidl_generator_c: 3.1.7 (/opt/ros/humble/share/rosidl_generator_c/cmake)
[0.705s] -- Found rosidl_adapter: 3.1.7 (/opt/ros/humble/share/rosidl_adapter/cmake)
[0.713s] -- Found rosidl_generator_cpp: 3.1.7 (/opt/ros/humble/share/rosidl_generator_cpp/cmake)
[0.724s] -- Using all available rosidl_typesupport_c: rosidl_typesupport_fastrtps_c;rosidl_typesupport_introspection_c
[0.742s] -- Using all available rosidl_typesupport_cpp: rosidl_typesupport_fastrtps_cpp;rosidl_typesupport_introspection_cpp
[0.786s] -- Found rmw_implementation_cmake: 6.1.2 (/opt/ros/humble/share/rmw_implementation_cmake/cmake)
[0.788s] -- Found rmw_fastrtps_cpp: 6.2.8 (/opt/ros/humble/share/rmw_fastrtps_cpp/cmake)
[0.898s] -- Found OpenSSL: /usr/lib/x86_64-linux-gnu/libcrypto.so (found version "3.0.2")  
[0.929s] -- Found FastRTPS: /opt/ros/humble/include  
[0.971s] -- Using RMW implementation 'rmw_fastrtps_cpp' as default
[0.980s] -- Looking for pthread.h
[1.065s] -- Looking for pthread.h - found
[1.066s] -- Performing Test CMAKE_HAVE_LIBC_PTHREAD
[1.159s] -- Performing Test CMAKE_HAVE_LIBC_PTHREAD - Success
[1.160s] -- Found Threads: TRUE  
[1.218s] -- Found rclpy: 3.3.17 (/opt/ros/humble/share/rclpy/cmake)
[1.219s] -- Found geometry_msgs: 4.9.0 (/opt/ros/humble/share/geometry_msgs/cmake)
[1.235s] -- Found nav_msgs: 4.9.0 (/opt/ros/humble/share/nav_msgs/cmake)
[1.255s] -- Found sensor_msgs: 4.9.0 (/opt/ros/humble/share/sensor_msgs/cmake)
[1.274s] -- Found pcl_ros: 2.4.5 (/opt/ros/humble/share/pcl_ros/cmake)
[1.320s] -- Checking for module 'eigen3'
[1.337s] --   Found eigen3, version 3.4.0
[1.385s] -- Found Eigen: /usr/include/eigen3 (Required is at least version "3.1") 
[1.386s] -- Eigen found (include: /usr/include/eigen3, version: 3.4.0)
[1.423s] -- Checking for module 'flann'
[1.443s] --   Found flann, version 1.9.1
[1.496s] -- Found FLANN: /usr/lib/x86_64-linux-gnu/libflann_cpp.so  
[1.496s] -- FLANN found (include: /usr/include, lib: /usr/lib/x86_64-linux-gnu/libflann_cpp.so)
[2.598s] -- Checking for module 'libusb-1.0'
[2.624s] --   Found libusb-1.0, version 1.0.25
[2.674s] -- Found libusb: /usr/lib/x86_64-linux-gnu/libusb-1.0.so  
[2.675s] -- OpenNI found (version: 1.5.4.0, include: /usr/include/ni, lib: /usr/lib/libOpenNI.so;libusb::libusb)
[2.743s] -- OpenNI2 found (version: 2.2.0.33, include: /usr/include/openni2, lib: /usr/lib/x86_64-linux-gnu/libOpenNI2.so;libusb::libusb)
[2.939s] -- Eigen found (include: /usr/include/eigen3, version: 3.4.0)
[2.947s] -- OpenNI found (version: 1.5.4.0, include: /usr/include/ni, lib: /usr/lib/libOpenNI.so;libusb::libusb)
[2.955s] -- OpenNI2 found (version: 2.2.0.33, include: /usr/include/openni2, lib: /usr/lib/x86_64-linux-gnu/libOpenNI2.so;libusb::libusb)
[3.152s] -- Found Qhull version 8.0.2
[3.320s] -- OpenNI found (version: 1.5.4.0, include: /usr/include/ni, lib: /usr/lib/libOpenNI.so;libusb::libusb)
[3.516s] -- Found PCL_COMMON: /usr/lib/x86_64-linux-gnu/libpcl_common.so  
[3.517s] -- Found PCL_KDTREE: /usr/lib/x86_64-linux-gnu/libpcl_kdtree.so  
[3.518s] -- Found PCL_OCTREE: /usr/lib/x86_64-linux-gnu/libpcl_octree.so  
[3.519s] -- Found PCL_SEARCH: /usr/lib/x86_64-linux-gnu/libpcl_search.so  
[3.520s] -- Found PCL_SAMPLE_CONSENSUS: /usr/lib/x86_64-linux-gnu/libpcl_sample_consensus.so  
[3.521s] -- Found PCL_FILTERS: /usr/lib/x86_64-linux-gnu/libpcl_filters.so  
[3.521s] -- Found PCL_2D: /usr/include/pcl-1.12  
[3.522s] -- Found PCL_GEOMETRY: /usr/include/pcl-1.12  
[3.522s] -- Found PCL_IO: /usr/lib/x86_64-linux-gnu/libpcl_io.so  
[3.523s] -- Found PCL_FEATURES: /usr/lib/x86_64-linux-gnu/libpcl_features.so  
[3.524s] -- Found PCL_ML: /usr/lib/x86_64-linux-gnu/libpcl_ml.so  
[3.525s] -- Found PCL_SEGMENTATION: /usr/lib/x86_64-linux-gnu/libpcl_segmentation.so  
[3.526s] -- Found PCL_VISUALIZATION: /usr/lib/x86_64-linux-gnu/libpcl_visualization.so  
[3.527s] -- Found PCL_SURFACE: /usr/lib/x86_64-linux-gnu/libpcl_surface.so  
[3.528s] -- Found PCL_REGISTRATION: /usr/lib/x86_64-linux-gnu/libpcl_registration.so  
[3.530s] -- Found PCL_KEYPOINTS: /usr/lib/x86_64-linux-gnu/libpcl_keypoints.so  
[3.532s] -- Found PCL_TRACKING: /usr/lib/x86_64-linux-gnu/libpcl_tracking.so  
[3.533s] -- Found PCL_RECOGNITION: /usr/lib/x86_64-linux-gnu/libpcl_recognition.so  
[3.535s] -- Found PCL_STEREO: /usr/lib/x86_64-linux-gnu/libpcl_stereo.so  
[3.537s] -- Found PCL_APPS: /usr/lib/x86_64-linux-gnu/libpcl_apps.so  
[3.538s] -- Found PCL_IN_HAND_SCANNER: /usr/include/pcl-1.12  
[3.538s] -- Found PCL_MODELER: /usr/include/pcl-1.12  
[3.539s] -- Found PCL_POINT_CLOUD_EDITOR: /usr/include/pcl-1.12  
[3.541s] -- Found PCL_OUTOFCORE: /usr/lib/x86_64-linux-gnu/libpcl_outofcore.so  
[3.544s] -- Found PCL_PEOPLE: /usr/lib/x86_64-linux-gnu/libpcl_people.so  
[3.577s] -- Found eigen3_cmake_module: 0.1.1 (/opt/ros/humble/share/eigen3_cmake_module/cmake)
[3.579s] -- Found Eigen3: TRUE (found version "3.4.0") 
[3.579s] -- Ensuring Eigen3 include directory is part of orocos-kdl CMake target
[3.689s] -- Found visualization_msgs: 4.9.0 (/opt/ros/humble/share/visualization_msgs/cmake)
[4.105s] -- Found PythonLibs: /usr/lib/x86_64-linux-gnu/libpython3.10.so (found version "3.10.12") 
[4.243s] -- Configuring done
[4.288s] -- Generating done
[4.303s] -- Build files have been written to: /home/zhangqingyang/point_lio_ros2/build/point_lio
[4.329s] Invoked command in '/home/zhangqingyang/point_lio_ros2/build/point_lio' returned '0': CMAKE_PREFIX_PATH=${CMAKE_PREFIX_PATH}:/opt/ros/humble /usr/bin/cmake /home/zhangqingyang/point_lio_ros2 -DCMAKE_INSTALL_PREFIX=/home/zhangqingyang/point_lio_ros2/install/point_lio
[4.333s] Invoking command in '/home/zhangqingyang/point_lio_ros2/build/point_lio': CMAKE_PREFIX_PATH=${CMAKE_PREFIX_PATH}:/opt/ros/humble /usr/bin/cmake --build /home/zhangqingyang/point_lio_ros2/build/point_lio -- -j12 -l12
[4.402s] [ 83%] [32mBuilding CXX object CMakeFiles/pointlio_mapping.dir/include/ikd-Tree/ikd_Tree.cpp.o[0m
[4.402s] [ 83%] [32mBuilding CXX object CMakeFiles/pointlio_mapping.dir/src/Estimator.cpp.o[0m
[4.402s] [ 83%] [32mBuilding CXX object CMakeFiles/pointlio_mapping.dir/src/laserMapping.cpp.o[0m
[4.402s] [ 83%] [32mBuilding CXX object CMakeFiles/pointlio_mapping.dir/src/parameters.cpp.o[0m
[4.402s] [ 83%] [32mBuilding CXX object CMakeFiles/pointlio_mapping.dir/src/preprocess.cpp.o[0m
[78.166s] [100%] [32m[1mLinking CXX executable pointlio_mapping[0m
[79.575s] [100%] Built target pointlio_mapping
[79.587s] Invoked command in '/home/zhangqingyang/point_lio_ros2/build/point_lio' returned '0': CMAKE_PREFIX_PATH=${CMAKE_PREFIX_PATH}:/opt/ros/humble /usr/bin/cmake --build /home/zhangqingyang/point_lio_ros2/build/point_lio -- -j12 -l12
[79.601s] Invoking command in '/home/zhangqingyang/point_lio_ros2/build/point_lio': CMAKE_PREFIX_PATH=${CMAKE_PREFIX_PATH}:/opt/ros/humble /usr/bin/cmake --install /home/zhangqingyang/point_lio_ros2/build/point_lio
[79.611s] -- Install configuration: ""
[79.611s] -- Installing: /home/zhangqingyang/point_lio_ros2/install/point_lio/lib/point_lio/pointlio_mapping
[79.613s] -- Set runtime path of "/home/zhangqingyang/point_lio_ros2/install/point_lio/lib/point_lio/pointlio_mapping" to ""
[79.613s] -- Installing: /home/zhangqingyang/point_lio_ros2/install/point_lio/share/point_lio/config
[79.613s] -- Installing: /home/zhangqingyang/point_lio_ros2/install/point_lio/share/point_lio/config/horizon.yaml
[79.614s] -- Installing: /home/zhangqingyang/point_lio_ros2/install/point_lio/share/point_lio/config/mid360.yaml
[79.614s] -- Installing: /home/zhangqingyang/point_lio_ros2/install/point_lio/share/point_lio/config/avia.yaml
[79.614s] -- Installing: /home/zhangqingyang/point_lio_ros2/install/point_lio/share/point_lio/config/unilidar_l2.yaml
[79.614s] -- Installing: /home/zhangqingyang/point_lio_ros2/install/point_lio/share/point_lio/config/ouster64.yaml
[79.614s] -- Installing: /home/zhangqingyang/point_lio_ros2/install/point_lio/share/point_lio/config/velody16.yaml
[79.614s] -- Installing: /home/zhangqingyang/point_lio_ros2/install/point_lio/share/point_lio/config/unilidar_l1.yaml
[79.614s] -- Installing: /home/zhangqingyang/point_lio_ros2/install/point_lio/share/point_lio/launch
[79.614s] -- Installing: /home/zhangqingyang/point_lio_ros2/install/point_lio/share/point_lio/launch/mapping_avia.launch.py
[79.614s] -- Installing: /home/zhangqingyang/point_lio_ros2/install/point_lio/share/point_lio/launch/correct_odom_unilidar_l1.launch.py
[79.614s] -- Installing: /home/zhangqingyang/point_lio_ros2/install/point_lio/share/point_lio/launch/mapping_unilidar_l1.launch.py
[79.614s] -- Installing: /home/zhangqingyang/point_lio_ros2/install/point_lio/share/point_lio/launch/mapping_unilidar_l2.launch.py
[79.614s] -- Installing: /home/zhangqingyang/point_lio_ros2/install/point_lio/share/point_lio/launch/mapping_velody16.launch.py
[79.615s] -- Installing: /home/zhangqingyang/point_lio_ros2/install/point_lio/share/point_lio/launch/mapping_ouster64.launch.py
[79.615s] -- Installing: /home/zhangqingyang/point_lio_ros2/install/point_lio/share/point_lio/launch/gdb_debug_example.launch.py
[79.615s] -- Installing: /home/zhangqingyang/point_lio_ros2/install/point_lio/share/point_lio/launch/mapping_horizon.launch.py
[79.615s] -- Installing: /home/zhangqingyang/point_lio_ros2/install/point_lio/share/point_lio/launch/mapping_mid360.launch.py
[79.615s] -- Installing: /home/zhangqingyang/point_lio_ros2/install/point_lio/share/point_lio/launch/correct_odom_unilidar_l2.launch.py
[79.615s] -- Installing: /home/zhangqingyang/point_lio_ros2/install/point_lio/share/point_lio/rviz_cfg
[79.615s] -- Installing: /home/zhangqingyang/point_lio_ros2/install/point_lio/share/point_lio/rviz_cfg/loam_livox.rviz
[79.615s] -- Installing: /home/zhangqingyang/point_lio_ros2/install/point_lio/share/ament_index/resource_index/package_run_dependencies/point_lio
[79.615s] -- Installing: /home/zhangqingyang/point_lio_ros2/install/point_lio/share/ament_index/resource_index/parent_prefix_path/point_lio
[79.615s] -- Installing: /home/zhangqingyang/point_lio_ros2/install/point_lio/share/point_lio/environment/ament_prefix_path.sh
[79.615s] -- Installing: /home/zhangqingyang/point_lio_ros2/install/point_lio/share/point_lio/environment/ament_prefix_path.dsv
[79.615s] -- Installing: /home/zhangqingyang/point_lio_ros2/install/point_lio/share/point_lio/environment/path.sh
[79.615s] -- Installing: /home/zhangqingyang/point_lio_ros2/install/point_lio/share/point_lio/environment/path.dsv
[79.616s] -- Installing: /home/zhangqingyang/point_lio_ros2/install/point_lio/share/point_lio/local_setup.bash
[79.616s] -- Installing: /home/zhangqingyang/point_lio_ros2/install/point_lio/share/point_lio/local_setup.sh
[79.616s] -- Installing: /home/zhangqingyang/point_lio_ros2/install/point_lio/share/point_lio/local_setup.zsh
[79.616s] -- Installing: /home/zhangqingyang/point_lio_ros2/install/point_lio/share/point_lio/local_setup.dsv
[79.616s] -- Installing: /home/zhangqingyang/point_lio_ros2/install/point_lio/share/point_lio/package.dsv
[79.616s] -- Installing: /home/zhangqingyang/point_lio_ros2/install/point_lio/share/ament_index/resource_index/packages/point_lio
[79.616s] -- Installing: /home/zhangqingyang/point_lio_ros2/install/point_lio/share/point_lio/cmake/ament_cmake_export_dependencies-extras.cmake
[79.616s] -- Installing: /home/zhangqingyang/point_lio_ros2/install/point_lio/share/point_lio/cmake/point_lioConfig.cmake
[79.616s] -- Installing: /home/zhangqingyang/point_lio_ros2/install/point_lio/share/point_lio/cmake/point_lioConfig-version.cmake
[79.616s] -- Installing: /home/zhangqingyang/point_lio_ros2/install/point_lio/share/point_lio/package.xml
[79.618s] Invoked command in '/home/zhangqingyang/point_lio_ros2/build/point_lio' returned '0': CMAKE_PREFIX_PATH=${CMAKE_PREFIX_PATH}:/opt/ros/humble /usr/bin/cmake --install /home/zhangqingyang/point_lio_ros2/build/point_lio
