[0.159s] DEBUG:colcon:Command line arguments: ['/usr/bin/colcon', 'build']
[0.159s] DEBUG:colcon:Parsed command line arguments: Namespace(log_base=None, log_level=None, verb_name='build', build_base='build', install_base='install', merge_install=False, symlink_install=False, test_result_base=None, continue_on_error=False, executor='parallel', parallel_workers=12, event_handlers=None, ignore_user_meta=False, metas=['./colcon.meta'], base_paths=['.'], packages_ignore=None, packages_ignore_regex=None, paths=None, packages_up_to=None, packages_up_to_regex=None, packages_above=None, packages_above_and_dependencies=None, packages_above_depth=None, packages_select_by_dep=None, packages_skip_by_dep=None, packages_skip_up_to=None, packages_select_build_failed=False, packages_skip_build_finished=False, packages_select_test_failures=False, packages_skip_test_passed=False, packages_select=None, packages_skip=None, packages_select_regex=None, packages_skip_regex=None, packages_start=None, packages_end=None, allow_overriding=[], cmake_args=None, cmake_target=None, cmake_target_skip_unavailable=False, cmake_clean_cache=False, cmake_clean_first=False, cmake_force_configure=False, ament_cmake_args=None, catkin_cmake_args=None, catkin_skip_building_tests=False, mixin_files=None, mixin=None, verb_parser=<colcon_mixin.mixin.mixin_argument.MixinArgumentDecorator object at 0x7fe068b5bdf0>, verb_extension=<colcon_core.verb.build.BuildVerb object at 0x7fe068b5b820>, main=<bound method BuildVerb.main of <colcon_core.verb.build.BuildVerb object at 0x7fe068b5b820>>, mixin_verb=('build',))
[0.378s] Level 1:colcon.colcon_core.package_discovery:discover_packages(colcon_meta) check parameters
[0.379s] Level 1:colcon.colcon_core.package_discovery:discover_packages(recursive) check parameters
[0.379s] Level 1:colcon.colcon_core.package_discovery:discover_packages(ignore) check parameters
[0.379s] Level 1:colcon.colcon_core.package_discovery:discover_packages(path) check parameters
[0.379s] Level 1:colcon.colcon_core.package_discovery:discover_packages(colcon_meta) discover
[0.379s] Level 1:colcon.colcon_core.package_discovery:discover_packages(recursive) discover
[0.379s] INFO:colcon.colcon_core.package_discovery:Crawling recursively for packages in '/home/zhangqingyang/point_lio_ros2'
[0.379s] Level 1:colcon.colcon_core.package_identification:_identify(.) by extensions ['ignore', 'ignore_ament_install']
[0.380s] Level 1:colcon.colcon_core.package_identification:_identify(.) by extension 'ignore'
[0.380s] Level 1:colcon.colcon_core.package_identification:_identify(.) by extension 'ignore_ament_install'
[0.380s] Level 1:colcon.colcon_core.package_identification:_identify(.) by extensions ['colcon_pkg']
[0.380s] Level 1:colcon.colcon_core.package_identification:_identify(.) by extension 'colcon_pkg'
[0.381s] Level 1:colcon.colcon_core.package_identification:_identify(.) by extensions ['colcon_meta']
[0.381s] Level 1:colcon.colcon_core.package_identification:_identify(.) by extension 'colcon_meta'
[0.381s] Level 1:colcon.colcon_core.package_identification:_identify(.) by extensions ['ros']
[0.381s] Level 1:colcon.colcon_core.package_identification:_identify(.) by extension 'ros'
[0.445s] DEBUG:colcon.colcon_core.package_identification:Package '.' with type 'ros.ament_cmake' and name 'point_lio'
[0.445s] Level 1:colcon.colcon_core.package_discovery:discover_packages(recursive) using defaults
[0.445s] Level 1:colcon.colcon_core.package_discovery:discover_packages(ignore) discover
[0.445s] Level 1:colcon.colcon_core.package_discovery:discover_packages(ignore) using defaults
[0.445s] Level 1:colcon.colcon_core.package_discovery:discover_packages(path) discover
[0.445s] Level 1:colcon.colcon_core.package_discovery:discover_packages(path) using defaults
[0.469s] Level 1:colcon.colcon_core.package_discovery:discover_packages(prefix_path) check parameters
[0.469s] Level 1:colcon.colcon_core.package_discovery:discover_packages(prefix_path) discover
[0.470s] DEBUG:colcon.colcon_installed_package_information.package_discovery:Found 1 installed packages in /home/zhangqingyang/ws_livox/install
[0.472s] DEBUG:colcon.colcon_installed_package_information.package_discovery:Found 352 installed packages in /opt/ros/humble
[0.473s] Level 1:colcon.colcon_core.package_discovery:discover_packages(prefix_path) using defaults
[0.521s] Level 5:colcon.colcon_core.verb:set package 'point_lio' build argument 'cmake_args' from command line to 'None'
[0.522s] Level 5:colcon.colcon_core.verb:set package 'point_lio' build argument 'cmake_target' from command line to 'None'
[0.522s] Level 5:colcon.colcon_core.verb:set package 'point_lio' build argument 'cmake_target_skip_unavailable' from command line to 'False'
[0.522s] Level 5:colcon.colcon_core.verb:set package 'point_lio' build argument 'cmake_clean_cache' from command line to 'False'
[0.522s] Level 5:colcon.colcon_core.verb:set package 'point_lio' build argument 'cmake_clean_first' from command line to 'False'
[0.522s] Level 5:colcon.colcon_core.verb:set package 'point_lio' build argument 'cmake_force_configure' from command line to 'False'
[0.522s] Level 5:colcon.colcon_core.verb:set package 'point_lio' build argument 'ament_cmake_args' from command line to 'None'
[0.522s] Level 5:colcon.colcon_core.verb:set package 'point_lio' build argument 'catkin_cmake_args' from command line to 'None'
[0.522s] Level 5:colcon.colcon_core.verb:set package 'point_lio' build argument 'catkin_skip_building_tests' from command line to 'False'
[0.522s] DEBUG:colcon.colcon_core.verb:Building package 'point_lio' with the following arguments: {'ament_cmake_args': None, 'build_base': '/home/zhangqingyang/point_lio_ros2/build/point_lio', 'catkin_cmake_args': None, 'catkin_skip_building_tests': False, 'cmake_args': None, 'cmake_clean_cache': False, 'cmake_clean_first': False, 'cmake_force_configure': False, 'cmake_target': None, 'cmake_target_skip_unavailable': False, 'install_base': '/home/zhangqingyang/point_lio_ros2/install/point_lio', 'merge_install': False, 'path': '/home/zhangqingyang/point_lio_ros2', 'symlink_install': False, 'test_result_base': None}
[0.522s] INFO:colcon.colcon_core.executor:Executing jobs using 'parallel' executor
[0.525s] DEBUG:colcon.colcon_parallel_executor.executor.parallel:run_until_complete
[0.525s] INFO:colcon.colcon_ros.task.ament_cmake.build:Building ROS package in '/home/zhangqingyang/point_lio_ros2' with build type 'ament_cmake'
[0.526s] INFO:colcon.colcon_cmake.task.cmake.build:Building CMake package in '/home/zhangqingyang/point_lio_ros2'
[0.528s] INFO:colcon.colcon_core.plugin_system:Skipping extension 'colcon_core.shell.bat': Not used on non-Windows systems
[0.528s] INFO:colcon.colcon_core.shell:Skip shell extension 'powershell' for command environment: Not usable outside of PowerShell
[0.528s] DEBUG:colcon.colcon_core.shell:Skip shell extension 'dsv' for command environment
[0.535s] DEBUG:colcon.colcon_core.event_handler.log_command:Invoking command in '/home/zhangqingyang/point_lio_ros2/build/point_lio': CMAKE_PREFIX_PATH=${CMAKE_PREFIX_PATH}:/opt/ros/humble /usr/bin/cmake /home/zhangqingyang/point_lio_ros2 -DCMAKE_INSTALL_PREFIX=/home/zhangqingyang/point_lio_ros2/install/point_lio
[4.855s] DEBUG:colcon.colcon_core.event_handler.log_command:Invoked command in '/home/zhangqingyang/point_lio_ros2/build/point_lio' returned '0': CMAKE_PREFIX_PATH=${CMAKE_PREFIX_PATH}:/opt/ros/humble /usr/bin/cmake /home/zhangqingyang/point_lio_ros2 -DCMAKE_INSTALL_PREFIX=/home/zhangqingyang/point_lio_ros2/install/point_lio
[4.859s] DEBUG:colcon.colcon_core.event_handler.log_command:Invoking command in '/home/zhangqingyang/point_lio_ros2/build/point_lio': CMAKE_PREFIX_PATH=${CMAKE_PREFIX_PATH}:/opt/ros/humble /usr/bin/cmake --build /home/zhangqingyang/point_lio_ros2/build/point_lio -- -j12 -l12
[80.113s] DEBUG:colcon.colcon_core.event_handler.log_command:Invoked command in '/home/zhangqingyang/point_lio_ros2/build/point_lio' returned '0': CMAKE_PREFIX_PATH=${CMAKE_PREFIX_PATH}:/opt/ros/humble /usr/bin/cmake --build /home/zhangqingyang/point_lio_ros2/build/point_lio -- -j12 -l12
[80.126s] DEBUG:colcon.colcon_core.event_handler.log_command:Invoking command in '/home/zhangqingyang/point_lio_ros2/build/point_lio': CMAKE_PREFIX_PATH=${CMAKE_PREFIX_PATH}:/opt/ros/humble /usr/bin/cmake --install /home/zhangqingyang/point_lio_ros2/build/point_lio
[80.143s] Level 1:colcon.colcon_core.environment:create_environment_scripts_only(point_lio)
[80.144s] DEBUG:colcon.colcon_core.event_handler.log_command:Invoked command in '/home/zhangqingyang/point_lio_ros2/build/point_lio' returned '0': CMAKE_PREFIX_PATH=${CMAKE_PREFIX_PATH}:/opt/ros/humble /usr/bin/cmake --install /home/zhangqingyang/point_lio_ros2/build/point_lio
[80.145s] Level 1:colcon.colcon_core.environment:checking '/home/zhangqingyang/point_lio_ros2/install/point_lio' for CMake module files
[80.146s] Level 1:colcon.colcon_core.environment:checking '/home/zhangqingyang/point_lio_ros2/install/point_lio' for CMake config files
[80.146s] Level 1:colcon.colcon_core.shell:create_environment_hook('point_lio', 'cmake_prefix_path')
[80.146s] INFO:colcon.colcon_core.shell:Creating environment hook '/home/zhangqingyang/point_lio_ros2/install/point_lio/share/point_lio/hook/cmake_prefix_path.ps1'
[80.147s] INFO:colcon.colcon_core.shell:Creating environment descriptor '/home/zhangqingyang/point_lio_ros2/install/point_lio/share/point_lio/hook/cmake_prefix_path.dsv'
[80.147s] INFO:colcon.colcon_core.shell:Creating environment hook '/home/zhangqingyang/point_lio_ros2/install/point_lio/share/point_lio/hook/cmake_prefix_path.sh'
[80.148s] Level 1:colcon.colcon_core.environment:checking '/home/zhangqingyang/point_lio_ros2/install/point_lio/lib'
[80.148s] Level 1:colcon.colcon_core.environment:checking '/home/zhangqingyang/point_lio_ros2/install/point_lio/bin'
[80.148s] Level 1:colcon.colcon_core.environment:checking '/home/zhangqingyang/point_lio_ros2/install/point_lio/lib/pkgconfig/point_lio.pc'
[80.148s] Level 1:colcon.colcon_core.environment:checking '/home/zhangqingyang/point_lio_ros2/install/point_lio/lib/python3.10/site-packages'
[80.148s] Level 1:colcon.colcon_core.environment:checking '/home/zhangqingyang/point_lio_ros2/install/point_lio/bin'
[80.149s] INFO:colcon.colcon_core.shell:Creating package script '/home/zhangqingyang/point_lio_ros2/install/point_lio/share/point_lio/package.ps1'
[80.149s] INFO:colcon.colcon_core.shell:Creating package descriptor '/home/zhangqingyang/point_lio_ros2/install/point_lio/share/point_lio/package.dsv'
[80.150s] INFO:colcon.colcon_core.shell:Creating package script '/home/zhangqingyang/point_lio_ros2/install/point_lio/share/point_lio/package.sh'
[80.151s] INFO:colcon.colcon_core.shell:Creating package script '/home/zhangqingyang/point_lio_ros2/install/point_lio/share/point_lio/package.bash'
[80.152s] INFO:colcon.colcon_core.shell:Creating package script '/home/zhangqingyang/point_lio_ros2/install/point_lio/share/point_lio/package.zsh'
[80.153s] Level 1:colcon.colcon_core.environment:create_file_with_runtime_dependencies(/home/zhangqingyang/point_lio_ros2/install/point_lio/share/colcon-core/packages/point_lio)
[80.154s] Level 1:colcon.colcon_core.environment:create_environment_scripts_only(point_lio)
[80.154s] Level 1:colcon.colcon_core.environment:checking '/home/zhangqingyang/point_lio_ros2/install/point_lio' for CMake module files
[80.154s] Level 1:colcon.colcon_core.environment:checking '/home/zhangqingyang/point_lio_ros2/install/point_lio' for CMake config files
[80.155s] Level 1:colcon.colcon_core.shell:create_environment_hook('point_lio', 'cmake_prefix_path')
[80.155s] INFO:colcon.colcon_core.shell:Creating environment hook '/home/zhangqingyang/point_lio_ros2/install/point_lio/share/point_lio/hook/cmake_prefix_path.ps1'
[80.156s] INFO:colcon.colcon_core.shell:Creating environment descriptor '/home/zhangqingyang/point_lio_ros2/install/point_lio/share/point_lio/hook/cmake_prefix_path.dsv'
[80.156s] INFO:colcon.colcon_core.shell:Creating environment hook '/home/zhangqingyang/point_lio_ros2/install/point_lio/share/point_lio/hook/cmake_prefix_path.sh'
[80.157s] Level 1:colcon.colcon_core.environment:checking '/home/zhangqingyang/point_lio_ros2/install/point_lio/lib'
[80.157s] Level 1:colcon.colcon_core.environment:checking '/home/zhangqingyang/point_lio_ros2/install/point_lio/bin'
[80.157s] Level 1:colcon.colcon_core.environment:checking '/home/zhangqingyang/point_lio_ros2/install/point_lio/lib/pkgconfig/point_lio.pc'
[80.157s] Level 1:colcon.colcon_core.environment:checking '/home/zhangqingyang/point_lio_ros2/install/point_lio/lib/python3.10/site-packages'
[80.158s] Level 1:colcon.colcon_core.environment:checking '/home/zhangqingyang/point_lio_ros2/install/point_lio/bin'
[80.158s] INFO:colcon.colcon_core.shell:Creating package script '/home/zhangqingyang/point_lio_ros2/install/point_lio/share/point_lio/package.ps1'
[80.159s] INFO:colcon.colcon_core.shell:Creating package descriptor '/home/zhangqingyang/point_lio_ros2/install/point_lio/share/point_lio/package.dsv'
[80.160s] INFO:colcon.colcon_core.shell:Creating package script '/home/zhangqingyang/point_lio_ros2/install/point_lio/share/point_lio/package.sh'
[80.160s] INFO:colcon.colcon_core.shell:Creating package script '/home/zhangqingyang/point_lio_ros2/install/point_lio/share/point_lio/package.bash'
[80.161s] INFO:colcon.colcon_core.shell:Creating package script '/home/zhangqingyang/point_lio_ros2/install/point_lio/share/point_lio/package.zsh'
[80.161s] Level 1:colcon.colcon_core.environment:create_file_with_runtime_dependencies(/home/zhangqingyang/point_lio_ros2/install/point_lio/share/colcon-core/packages/point_lio)
[80.162s] DEBUG:colcon.colcon_parallel_executor.executor.parallel:closing loop
[80.162s] DEBUG:colcon.colcon_parallel_executor.executor.parallel:loop closed
[80.162s] DEBUG:colcon.colcon_parallel_executor.executor.parallel:run_until_complete finished with '0'
[80.162s] DEBUG:colcon.colcon_core.event_reactor:joining thread
[80.170s] INFO:colcon.colcon_core.plugin_system:Skipping extension 'colcon_notification.desktop_notification.terminal_notifier': Not used on non-Darwin systems
[80.171s] INFO:colcon.colcon_core.plugin_system:Skipping extension 'colcon_notification.desktop_notification.win32': Not used on non-Windows systems
[80.171s] INFO:colcon.colcon_notification.desktop_notification:Sending desktop notification using 'notify2'
[80.187s] DEBUG:colcon.colcon_core.event_reactor:joined thread
[80.188s] INFO:colcon.colcon_core.shell:Creating prefix script '/home/zhangqingyang/point_lio_ros2/install/local_setup.ps1'
[80.189s] INFO:colcon.colcon_core.shell:Creating prefix util module '/home/zhangqingyang/point_lio_ros2/install/_local_setup_util_ps1.py'
[80.191s] INFO:colcon.colcon_core.shell:Creating prefix chain script '/home/zhangqingyang/point_lio_ros2/install/setup.ps1'
[80.192s] INFO:colcon.colcon_core.shell:Creating prefix script '/home/zhangqingyang/point_lio_ros2/install/local_setup.sh'
[80.193s] INFO:colcon.colcon_core.shell:Creating prefix util module '/home/zhangqingyang/point_lio_ros2/install/_local_setup_util_sh.py'
[80.193s] INFO:colcon.colcon_core.shell:Creating prefix chain script '/home/zhangqingyang/point_lio_ros2/install/setup.sh'
[80.195s] INFO:colcon.colcon_core.shell:Creating prefix script '/home/zhangqingyang/point_lio_ros2/install/local_setup.bash'
[80.195s] INFO:colcon.colcon_core.shell:Creating prefix chain script '/home/zhangqingyang/point_lio_ros2/install/setup.bash'
[80.197s] INFO:colcon.colcon_core.shell:Creating prefix script '/home/zhangqingyang/point_lio_ros2/install/local_setup.zsh'
[80.197s] INFO:colcon.colcon_core.shell:Creating prefix chain script '/home/zhangqingyang/point_lio_ros2/install/setup.zsh'
