[0.156s] DEBUG:colcon:Command line arguments: ['/usr/bin/colcon', 'build']
[0.156s] DEBUG:colcon:Parsed command line arguments: Namespace(log_base=None, log_level=None, verb_name='build', build_base='build', install_base='install', merge_install=False, symlink_install=False, test_result_base=None, continue_on_error=False, executor='parallel', parallel_workers=12, event_handlers=None, ignore_user_meta=False, metas=['./colcon.meta'], base_paths=['.'], packages_ignore=None, packages_ignore_regex=None, paths=None, packages_up_to=None, packages_up_to_regex=None, packages_above=None, packages_above_and_dependencies=None, packages_above_depth=None, packages_select_by_dep=None, packages_skip_by_dep=None, packages_skip_up_to=None, packages_select_build_failed=False, packages_skip_build_finished=False, packages_select_test_failures=False, packages_skip_test_passed=False, packages_select=None, packages_skip=None, packages_select_regex=None, packages_skip_regex=None, packages_start=None, packages_end=None, allow_overriding=[], cmake_args=None, cmake_target=None, cmake_target_skip_unavailable=False, cmake_clean_cache=False, cmake_clean_first=False, cmake_force_configure=False, ament_cmake_args=None, catkin_cmake_args=None, catkin_skip_building_tests=False, mixin_files=None, mixin=None, verb_parser=<colcon_mixin.mixin.mixin_argument.MixinArgumentDecorator object at 0x710cf0a73fa0>, verb_extension=<colcon_core.verb.build.BuildVerb object at 0x710cf0a739d0>, main=<bound method BuildVerb.main of <colcon_core.verb.build.BuildVerb object at 0x710cf0a739d0>>, mixin_verb=('build',))
[0.369s] Level 1:colcon.colcon_core.package_discovery:discover_packages(colcon_meta) check parameters
[0.369s] Level 1:colcon.colcon_core.package_discovery:discover_packages(recursive) check parameters
[0.369s] Level 1:colcon.colcon_core.package_discovery:discover_packages(ignore) check parameters
[0.369s] Level 1:colcon.colcon_core.package_discovery:discover_packages(path) check parameters
[0.370s] Level 1:colcon.colcon_core.package_discovery:discover_packages(colcon_meta) discover
[0.370s] Level 1:colcon.colcon_core.package_discovery:discover_packages(recursive) discover
[0.370s] INFO:colcon.colcon_core.package_discovery:Crawling recursively for packages in '/home/zhangqingyang/point_lio_ros2'
[0.370s] Level 1:colcon.colcon_core.package_identification:_identify(.) by extensions ['ignore', 'ignore_ament_install']
[0.370s] Level 1:colcon.colcon_core.package_identification:_identify(.) by extension 'ignore'
[0.370s] Level 1:colcon.colcon_core.package_identification:_identify(.) by extension 'ignore_ament_install'
[0.370s] Level 1:colcon.colcon_core.package_identification:_identify(.) by extensions ['colcon_pkg']
[0.370s] Level 1:colcon.colcon_core.package_identification:_identify(.) by extension 'colcon_pkg'
[0.370s] Level 1:colcon.colcon_core.package_identification:_identify(.) by extensions ['colcon_meta']
[0.370s] Level 1:colcon.colcon_core.package_identification:_identify(.) by extension 'colcon_meta'
[0.370s] Level 1:colcon.colcon_core.package_identification:_identify(.) by extensions ['ros']
[0.370s] Level 1:colcon.colcon_core.package_identification:_identify(.) by extension 'ros'
[0.414s] DEBUG:colcon.colcon_core.package_identification:Package '.' with type 'ros.ament_cmake' and name 'point_lio'
[0.414s] Level 1:colcon.colcon_core.package_discovery:discover_packages(recursive) using defaults
[0.414s] Level 1:colcon.colcon_core.package_discovery:discover_packages(ignore) discover
[0.414s] Level 1:colcon.colcon_core.package_discovery:discover_packages(ignore) using defaults
[0.414s] Level 1:colcon.colcon_core.package_discovery:discover_packages(path) discover
[0.414s] Level 1:colcon.colcon_core.package_discovery:discover_packages(path) using defaults
[0.436s] Level 1:colcon.colcon_core.package_discovery:discover_packages(prefix_path) check parameters
[0.436s] Level 1:colcon.colcon_core.package_discovery:discover_packages(prefix_path) discover
[0.438s] DEBUG:colcon.colcon_installed_package_information.package_discovery:Found 1 installed packages in /home/zhangqingyang/point_lio_ros2/install
[0.438s] DEBUG:colcon.colcon_installed_package_information.package_discovery:Found 1 installed packages in /home/zhangqingyang/ws_livox/install
[0.439s] DEBUG:colcon.colcon_installed_package_information.package_discovery:Found 352 installed packages in /opt/ros/humble
[0.441s] Level 1:colcon.colcon_core.package_discovery:discover_packages(prefix_path) using defaults
[0.488s] Level 5:colcon.colcon_core.verb:set package 'point_lio' build argument 'cmake_args' from command line to 'None'
[0.488s] Level 5:colcon.colcon_core.verb:set package 'point_lio' build argument 'cmake_target' from command line to 'None'
[0.488s] Level 5:colcon.colcon_core.verb:set package 'point_lio' build argument 'cmake_target_skip_unavailable' from command line to 'False'
[0.488s] Level 5:colcon.colcon_core.verb:set package 'point_lio' build argument 'cmake_clean_cache' from command line to 'False'
[0.488s] Level 5:colcon.colcon_core.verb:set package 'point_lio' build argument 'cmake_clean_first' from command line to 'False'
[0.488s] Level 5:colcon.colcon_core.verb:set package 'point_lio' build argument 'cmake_force_configure' from command line to 'False'
[0.488s] Level 5:colcon.colcon_core.verb:set package 'point_lio' build argument 'ament_cmake_args' from command line to 'None'
[0.488s] Level 5:colcon.colcon_core.verb:set package 'point_lio' build argument 'catkin_cmake_args' from command line to 'None'
[0.488s] Level 5:colcon.colcon_core.verb:set package 'point_lio' build argument 'catkin_skip_building_tests' from command line to 'False'
[0.489s] DEBUG:colcon.colcon_core.verb:Building package 'point_lio' with the following arguments: {'ament_cmake_args': None, 'build_base': '/home/zhangqingyang/point_lio_ros2/build/point_lio', 'catkin_cmake_args': None, 'catkin_skip_building_tests': False, 'cmake_args': None, 'cmake_clean_cache': False, 'cmake_clean_first': False, 'cmake_force_configure': False, 'cmake_target': None, 'cmake_target_skip_unavailable': False, 'install_base': '/home/zhangqingyang/point_lio_ros2/install/point_lio', 'merge_install': False, 'path': '/home/zhangqingyang/point_lio_ros2', 'symlink_install': False, 'test_result_base': None}
[0.489s] INFO:colcon.colcon_core.executor:Executing jobs using 'parallel' executor
[0.489s] DEBUG:colcon.colcon_parallel_executor.executor.parallel:run_until_complete
[0.490s] INFO:colcon.colcon_ros.task.ament_cmake.build:Building ROS package in '/home/zhangqingyang/point_lio_ros2' with build type 'ament_cmake'
[0.490s] INFO:colcon.colcon_cmake.task.cmake.build:Building CMake package in '/home/zhangqingyang/point_lio_ros2'
[0.491s] INFO:colcon.colcon_core.plugin_system:Skipping extension 'colcon_core.shell.bat': Not used on non-Windows systems
[0.492s] INFO:colcon.colcon_core.shell:Skip shell extension 'powershell' for command environment: Not usable outside of PowerShell
[0.492s] DEBUG:colcon.colcon_core.shell:Skip shell extension 'dsv' for command environment
[0.504s] DEBUG:colcon.colcon_core.event_handler.log_command:Invoking command in '/home/zhangqingyang/point_lio_ros2/build/point_lio': CMAKE_PREFIX_PATH=${CMAKE_PREFIX_PATH}:/opt/ros/humble /usr/bin/cmake --build /home/zhangqingyang/point_lio_ros2/build/point_lio -- -j12 -l12
[2.803s] DEBUG:colcon.colcon_core.event_handler.log_command:Invoked command in '/home/zhangqingyang/point_lio_ros2/build/point_lio' returned '0': CMAKE_PREFIX_PATH=${CMAKE_PREFIX_PATH}:/opt/ros/humble /usr/bin/cmake --build /home/zhangqingyang/point_lio_ros2/build/point_lio -- -j12 -l12
[2.813s] DEBUG:colcon.colcon_core.event_handler.log_command:Invoking command in '/home/zhangqingyang/point_lio_ros2/build/point_lio': CMAKE_PREFIX_PATH=${CMAKE_PREFIX_PATH}:/opt/ros/humble /usr/bin/cmake --install /home/zhangqingyang/point_lio_ros2/build/point_lio
[2.833s] Level 1:colcon.colcon_core.environment:create_environment_scripts_only(point_lio)
[2.834s] DEBUG:colcon.colcon_core.event_handler.log_command:Invoked command in '/home/zhangqingyang/point_lio_ros2/build/point_lio' returned '0': CMAKE_PREFIX_PATH=${CMAKE_PREFIX_PATH}:/opt/ros/humble /usr/bin/cmake --install /home/zhangqingyang/point_lio_ros2/build/point_lio
[2.837s] Level 1:colcon.colcon_core.environment:checking '/home/zhangqingyang/point_lio_ros2/install/point_lio' for CMake module files
[2.837s] Level 1:colcon.colcon_core.environment:checking '/home/zhangqingyang/point_lio_ros2/install/point_lio' for CMake config files
[2.837s] Level 1:colcon.colcon_core.shell:create_environment_hook('point_lio', 'cmake_prefix_path')
[2.838s] INFO:colcon.colcon_core.shell:Creating environment hook '/home/zhangqingyang/point_lio_ros2/install/point_lio/share/point_lio/hook/cmake_prefix_path.ps1'
[2.838s] INFO:colcon.colcon_core.shell:Creating environment descriptor '/home/zhangqingyang/point_lio_ros2/install/point_lio/share/point_lio/hook/cmake_prefix_path.dsv'
[2.839s] INFO:colcon.colcon_core.shell:Creating environment hook '/home/zhangqingyang/point_lio_ros2/install/point_lio/share/point_lio/hook/cmake_prefix_path.sh'
[2.839s] Level 1:colcon.colcon_core.environment:checking '/home/zhangqingyang/point_lio_ros2/install/point_lio/lib'
[2.840s] Level 1:colcon.colcon_core.environment:checking '/home/zhangqingyang/point_lio_ros2/install/point_lio/bin'
[2.840s] Level 1:colcon.colcon_core.environment:checking '/home/zhangqingyang/point_lio_ros2/install/point_lio/lib/pkgconfig/point_lio.pc'
[2.840s] Level 1:colcon.colcon_core.environment:checking '/home/zhangqingyang/point_lio_ros2/install/point_lio/lib/python3.10/site-packages'
[2.840s] Level 1:colcon.colcon_core.environment:checking '/home/zhangqingyang/point_lio_ros2/install/point_lio/bin'
[2.840s] INFO:colcon.colcon_core.shell:Creating package script '/home/zhangqingyang/point_lio_ros2/install/point_lio/share/point_lio/package.ps1'
[2.841s] INFO:colcon.colcon_core.shell:Creating package descriptor '/home/zhangqingyang/point_lio_ros2/install/point_lio/share/point_lio/package.dsv'
[2.841s] INFO:colcon.colcon_core.shell:Creating package script '/home/zhangqingyang/point_lio_ros2/install/point_lio/share/point_lio/package.sh'
[2.842s] INFO:colcon.colcon_core.shell:Creating package script '/home/zhangqingyang/point_lio_ros2/install/point_lio/share/point_lio/package.bash'
[2.842s] INFO:colcon.colcon_core.shell:Creating package script '/home/zhangqingyang/point_lio_ros2/install/point_lio/share/point_lio/package.zsh'
[2.843s] Level 1:colcon.colcon_core.environment:create_file_with_runtime_dependencies(/home/zhangqingyang/point_lio_ros2/install/point_lio/share/colcon-core/packages/point_lio)
[2.843s] Level 1:colcon.colcon_core.environment:create_environment_scripts_only(point_lio)
[2.844s] Level 1:colcon.colcon_core.environment:checking '/home/zhangqingyang/point_lio_ros2/install/point_lio' for CMake module files
[2.844s] Level 1:colcon.colcon_core.environment:checking '/home/zhangqingyang/point_lio_ros2/install/point_lio' for CMake config files
[2.844s] Level 1:colcon.colcon_core.shell:create_environment_hook('point_lio', 'cmake_prefix_path')
[2.844s] INFO:colcon.colcon_core.shell:Creating environment hook '/home/zhangqingyang/point_lio_ros2/install/point_lio/share/point_lio/hook/cmake_prefix_path.ps1'
[2.845s] INFO:colcon.colcon_core.shell:Creating environment descriptor '/home/zhangqingyang/point_lio_ros2/install/point_lio/share/point_lio/hook/cmake_prefix_path.dsv'
[2.845s] INFO:colcon.colcon_core.shell:Creating environment hook '/home/zhangqingyang/point_lio_ros2/install/point_lio/share/point_lio/hook/cmake_prefix_path.sh'
[2.845s] Level 1:colcon.colcon_core.environment:checking '/home/zhangqingyang/point_lio_ros2/install/point_lio/lib'
[2.845s] Level 1:colcon.colcon_core.environment:checking '/home/zhangqingyang/point_lio_ros2/install/point_lio/bin'
[2.846s] Level 1:colcon.colcon_core.environment:checking '/home/zhangqingyang/point_lio_ros2/install/point_lio/lib/pkgconfig/point_lio.pc'
[2.846s] Level 1:colcon.colcon_core.environment:checking '/home/zhangqingyang/point_lio_ros2/install/point_lio/lib/python3.10/site-packages'
[2.847s] Level 1:colcon.colcon_core.environment:checking '/home/zhangqingyang/point_lio_ros2/install/point_lio/bin'
[2.848s] INFO:colcon.colcon_core.shell:Creating package script '/home/zhangqingyang/point_lio_ros2/install/point_lio/share/point_lio/package.ps1'
[2.849s] INFO:colcon.colcon_core.shell:Creating package descriptor '/home/zhangqingyang/point_lio_ros2/install/point_lio/share/point_lio/package.dsv'
[2.850s] INFO:colcon.colcon_core.shell:Creating package script '/home/zhangqingyang/point_lio_ros2/install/point_lio/share/point_lio/package.sh'
[2.851s] INFO:colcon.colcon_core.shell:Creating package script '/home/zhangqingyang/point_lio_ros2/install/point_lio/share/point_lio/package.bash'
[2.852s] INFO:colcon.colcon_core.shell:Creating package script '/home/zhangqingyang/point_lio_ros2/install/point_lio/share/point_lio/package.zsh'
[2.853s] Level 1:colcon.colcon_core.environment:create_file_with_runtime_dependencies(/home/zhangqingyang/point_lio_ros2/install/point_lio/share/colcon-core/packages/point_lio)
[2.854s] DEBUG:colcon.colcon_parallel_executor.executor.parallel:closing loop
[2.855s] DEBUG:colcon.colcon_parallel_executor.executor.parallel:loop closed
[2.855s] DEBUG:colcon.colcon_parallel_executor.executor.parallel:run_until_complete finished with '0'
[2.855s] DEBUG:colcon.colcon_core.event_reactor:joining thread
[2.861s] INFO:colcon.colcon_core.plugin_system:Skipping extension 'colcon_notification.desktop_notification.terminal_notifier': Not used on non-Darwin systems
[2.861s] INFO:colcon.colcon_core.plugin_system:Skipping extension 'colcon_notification.desktop_notification.win32': Not used on non-Windows systems
[2.861s] INFO:colcon.colcon_notification.desktop_notification:Sending desktop notification using 'notify2'
[2.888s] DEBUG:colcon.colcon_core.event_reactor:joined thread
[2.888s] INFO:colcon.colcon_core.shell:Creating prefix script '/home/zhangqingyang/point_lio_ros2/install/local_setup.ps1'
[2.890s] INFO:colcon.colcon_core.shell:Creating prefix util module '/home/zhangqingyang/point_lio_ros2/install/_local_setup_util_ps1.py'
[2.892s] INFO:colcon.colcon_core.shell:Creating prefix chain script '/home/zhangqingyang/point_lio_ros2/install/setup.ps1'
[2.894s] INFO:colcon.colcon_core.shell:Creating prefix script '/home/zhangqingyang/point_lio_ros2/install/local_setup.sh'
[2.896s] INFO:colcon.colcon_core.shell:Creating prefix util module '/home/zhangqingyang/point_lio_ros2/install/_local_setup_util_sh.py'
[2.897s] INFO:colcon.colcon_core.shell:Creating prefix chain script '/home/zhangqingyang/point_lio_ros2/install/setup.sh'
[2.898s] INFO:colcon.colcon_core.shell:Creating prefix script '/home/zhangqingyang/point_lio_ros2/install/local_setup.bash'
[2.900s] INFO:colcon.colcon_core.shell:Creating prefix chain script '/home/zhangqingyang/point_lio_ros2/install/setup.bash'
[2.902s] INFO:colcon.colcon_core.shell:Creating prefix script '/home/zhangqingyang/point_lio_ros2/install/local_setup.zsh'
[2.902s] INFO:colcon.colcon_core.shell:Creating prefix chain script '/home/zhangqingyang/point_lio_ros2/install/setup.zsh'
